<?xml version="1.0" encoding="UTF-8"?>
<robot generator="Robot 6.0.1 (Python 3.10.6 on win32)" generated="20221201 15:53:40.902" rpa="false" schemaversion="3">
<suite id="s1" name="Test2" source="C:\Users\RACH1084\PycharmProjects\RobotFramework\tests\test2.robot">
<test id="s1-t1" name="Validate unsuccessful Login" line="14">
<kw name="Open the browser with mortgage payment url" library="resource" type="SETUP">
<kw name="Create Webdriver" library="SeleniumLibrary">
<arg>Chrome</arg>
<arg>executable_path=C:\Users\RACH1084\Downloads\chromedriver_win32\chromedriver</arg>
<doc>Creates an instance of Selenium WebDriver.</doc>
<msg timestamp="20221201 15:53:41.140" level="INFO">Creating an instance of the Chrome WebDriver.</msg>
<status status="PASS" starttime="20221201 15:53:41.140" endtime="20221201 15:53:42.326"/>
</kw>
<kw name="Go To" library="SeleniumLibrary">
<arg>${url}</arg>
<doc>Navigates the current browser window to the provided ``url``.</doc>
<msg timestamp="20221201 15:53:42.326" level="INFO">Opening url 'https://rahulshettyacademy.com/loginpagePractise/'</msg>
<status status="PASS" starttime="20221201 15:53:42.326" endtime="20221201 15:53:42.847"/>
</kw>
<status status="PASS" starttime="20221201 15:53:41.140" endtime="20221201 15:53:42.847"/>
</kw>
<kw name="Fill the login form">
<arg>${user_name}</arg>
<arg>${invalid_password}</arg>
<kw name="Input Text" library="SeleniumLibrary">
<arg>id:username</arg>
<arg>${user_name}</arg>
<doc>Types the given ``text`` into the text field identified by ``locator``.</doc>
<msg timestamp="20221201 15:53:42.848" level="INFO">Typing text 'rahulshettyacademy' into text field 'id:username'.</msg>
<status status="PASS" starttime="20221201 15:53:42.848" endtime="20221201 15:53:42.978"/>
</kw>
<kw name="Input Password" library="SeleniumLibrary">
<arg>id:password</arg>
<arg>${password}</arg>
<doc>Types the given password into the text field identified by ``locator``.</doc>
<msg timestamp="20221201 15:53:42.980" level="INFO">Typing password into text field 'id:password'.</msg>
<msg timestamp="20221201 15:53:43.034" level="INFO">Temporally setting log level to: NONE</msg>
<msg timestamp="20221201 15:53:43.094" level="INFO">Log level changed from NONE to INFO.</msg>
<status status="PASS" starttime="20221201 15:53:42.979" endtime="20221201 15:53:43.094"/>
</kw>
<kw name="Click Button" library="SeleniumLibrary">
<arg>signInBtn</arg>
<doc>Clicks the button identified by ``locator``.</doc>
<msg timestamp="20221201 15:53:43.095" level="INFO">Clicking button 'signInBtn'.</msg>
<status status="PASS" starttime="20221201 15:53:43.094" endtime="20221201 15:53:43.160"/>
</kw>
<status status="PASS" starttime="20221201 15:53:42.847" endtime="20221201 15:53:43.160"/>
</kw>
<kw name="wait until element is located in the page">
<arg>${Error_message_login}</arg>
<kw name="Wait Until Element Is Visible" library="SeleniumLibrary">
<arg>${element}</arg>
<doc>Waits until the element ``locator`` is visible.</doc>
<status status="PASS" starttime="20221201 15:53:43.161" endtime="20221201 15:53:45.174"/>
</kw>
<status status="PASS" starttime="20221201 15:53:43.161" endtime="20221201 15:53:45.174"/>
</kw>
<kw name="verify error message is correct">
<kw name="Element Text Should Be" library="SeleniumLibrary">
<arg>${Error_message_login}</arg>
<arg>Incorrect username/password.</arg>
<doc>Verifies that element ``locator`` contains exact the text ``expected``.</doc>
<msg timestamp="20221201 15:53:45.175" level="INFO">Verifying element 'css:.alert-danger' contains exact text 'Incorrect username/password.'.</msg>
<status status="PASS" starttime="20221201 15:53:45.175" endtime="20221201 15:53:45.195"/>
</kw>
<status status="PASS" starttime="20221201 15:53:45.175" endtime="20221201 15:53:45.195"/>
</kw>
<kw name="Close browser session" library="resource" type="TEARDOWN">
<kw name="Close Browser" library="SeleniumLibrary">
<doc>Closes the current browser.</doc>
<status status="PASS" starttime="20221201 15:53:45.196" endtime="20221201 15:53:47.344"/>
</kw>
<status status="PASS" starttime="20221201 15:53:45.196" endtime="20221201 15:53:47.345"/>
</kw>
<status status="PASS" starttime="20221201 15:53:41.140" endtime="20221201 15:53:47.345"/>
</test>
<test id="s1-t2" name="Validate cards display in the shopping page" line="19">
<kw name="Open the browser with mortgage payment url" library="resource" type="SETUP">
<kw name="Create Webdriver" library="SeleniumLibrary">
<arg>Chrome</arg>
<arg>executable_path=C:\Users\RACH1084\Downloads\chromedriver_win32\chromedriver</arg>
<doc>Creates an instance of Selenium WebDriver.</doc>
<msg timestamp="20221201 15:53:47.347" level="INFO">Creating an instance of the Chrome WebDriver.</msg>
<status status="PASS" starttime="20221201 15:53:47.347" endtime="20221201 15:53:48.446"/>
</kw>
<kw name="Go To" library="SeleniumLibrary">
<arg>${url}</arg>
<doc>Navigates the current browser window to the provided ``url``.</doc>
<msg timestamp="20221201 15:53:48.446" level="INFO">Opening url 'https://rahulshettyacademy.com/loginpagePractise/'</msg>
<status status="PASS" starttime="20221201 15:53:48.446" endtime="20221201 15:53:48.962"/>
</kw>
<status status="PASS" starttime="20221201 15:53:47.347" endtime="20221201 15:53:48.962"/>
</kw>
<kw name="Fill the login form">
<arg>${user_name}</arg>
<arg>${valid_password}</arg>
<kw name="Input Text" library="SeleniumLibrary">
<arg>id:username</arg>
<arg>${user_name}</arg>
<doc>Types the given ``text`` into the text field identified by ``locator``.</doc>
<msg timestamp="20221201 15:53:48.963" level="INFO">Typing text 'rahulshettyacademy' into text field 'id:username'.</msg>
<status status="PASS" starttime="20221201 15:53:48.963" endtime="20221201 15:53:49.084"/>
</kw>
<kw name="Input Password" library="SeleniumLibrary">
<arg>id:password</arg>
<arg>${password}</arg>
<doc>Types the given password into the text field identified by ``locator``.</doc>
<msg timestamp="20221201 15:53:49.085" level="INFO">Typing password into text field 'id:password'.</msg>
<msg timestamp="20221201 15:53:49.119" level="INFO">Temporally setting log level to: NONE</msg>
<msg timestamp="20221201 15:53:49.159" level="INFO">Log level changed from NONE to INFO.</msg>
<status status="PASS" starttime="20221201 15:53:49.084" endtime="20221201 15:53:49.159"/>
</kw>
<kw name="Click Button" library="SeleniumLibrary">
<arg>signInBtn</arg>
<doc>Clicks the button identified by ``locator``.</doc>
<msg timestamp="20221201 15:53:49.160" level="INFO">Clicking button 'signInBtn'.</msg>
<status status="PASS" starttime="20221201 15:53:49.160" endtime="20221201 15:53:49.214"/>
</kw>
<status status="PASS" starttime="20221201 15:53:48.962" endtime="20221201 15:53:49.214"/>
</kw>
<kw name="wait until element is located in the page">
<arg>${shop_page_load}</arg>
<kw name="Wait Until Element Is Visible" library="SeleniumLibrary">
<arg>${element}</arg>
<doc>Waits until the element ``locator`` is visible.</doc>
<status status="PASS" starttime="20221201 15:53:49.215" endtime="20221201 15:53:52.642"/>
</kw>
<status status="PASS" starttime="20221201 15:53:49.215" endtime="20221201 15:53:52.642"/>
</kw>
<kw name="Verify card titles in the shop page">
<kw name="Create List" library="BuiltIn">
<var>@{expectedList}</var>
<arg>iphone X</arg>
<arg>Samsung Note 8</arg>
<arg>Nokia Edge</arg>
<arg>Blackberry</arg>
<doc>Returns a list containing given items.</doc>
<msg timestamp="20221201 15:53:52.643" level="INFO">@{expectedList} = [ iphone X | Samsung Note 8 | Nokia Edge | Blackberry ]</msg>
<status status="PASS" starttime="20221201 15:53:52.643" endtime="20221201 15:53:52.643"/>
</kw>
<kw name="Get WebElements" library="SeleniumLibrary">
<var>${elements}</var>
<arg>css:.card-title</arg>
<doc>Returns a list of WebElement objects matching the ``locator``.</doc>
<msg timestamp="20221201 15:53:52.653" level="INFO">${elements} = [&lt;selenium.webdriver.remote.webelement.WebElement (session="e28f225865c2b1dac358551af7301795", element="8361b233-bc3d-48de-a272-cfe9c02c6a42")&gt;, &lt;selenium.webdriver.remote.webelement.WebElement (sessi...</msg>
<status status="PASS" starttime="20221201 15:53:52.643" endtime="20221201 15:53:52.653"/>
</kw>
<kw name="Create List" library="BuiltIn">
<var>@{actualList}</var>
<doc>Returns a list containing given items.</doc>
<msg timestamp="20221201 15:53:52.653" level="INFO">@{actualList} = [ ]</msg>
<status status="PASS" starttime="20221201 15:53:52.653" endtime="20221201 15:53:52.653"/>
</kw>
<for flavor="IN">
<var>${element}</var>
<value>@{elements}</value>
<iter>
<var name="${element}">&lt;selenium.webdriver.remote.webelement.WebElement (session="e28f225865c2b1dac358551af7301795", element="8361b233-bc3d-48de-a272-cfe9c02c6a42")&gt;</var>
<kw name="Log" library="BuiltIn">
<arg>${element.text}</arg>
<doc>Logs the given message with the given level.</doc>
<msg timestamp="20221201 15:53:52.666" level="INFO">iphone X</msg>
<status status="PASS" starttime="20221201 15:53:52.654" endtime="20221201 15:53:52.666"/>
</kw>
<kw name="Append To List" library="Collections">
<arg>${actualList}</arg>
<arg>${element.text}</arg>
<doc>Adds ``values`` to the end of ``list``.</doc>
<status status="PASS" starttime="20221201 15:53:52.666" endtime="20221201 15:53:52.673"/>
</kw>
<status status="PASS" starttime="20221201 15:53:52.654" endtime="20221201 15:53:52.673"/>
</iter>
<iter>
<var name="${element}">&lt;selenium.webdriver.remote.webelement.WebElement (session="e28f225865c2b1dac358551af7301795", element="e0313401-88bc-4d2e-a6be-52b97c601347")&gt;</var>
<kw name="Log" library="BuiltIn">
<arg>${element.text}</arg>
<doc>Logs the given message with the given level.</doc>
<msg timestamp="20221201 15:53:52.685" level="INFO">Samsung Note 8</msg>
<status status="PASS" starttime="20221201 15:53:52.673" endtime="20221201 15:53:52.685"/>
</kw>
<kw name="Append To List" library="Collections">
<arg>${actualList}</arg>
<arg>${element.text}</arg>
<doc>Adds ``values`` to the end of ``list``.</doc>
<status status="PASS" starttime="20221201 15:53:52.685" endtime="20221201 15:53:52.694"/>
</kw>
<status status="PASS" starttime="20221201 15:53:52.673" endtime="20221201 15:53:52.694"/>
</iter>
<iter>
<var name="${element}">&lt;selenium.webdriver.remote.webelement.WebElement (session="e28f225865c2b1dac358551af7301795", element="ec164099-5727-4b02-b7a9-b155adcd4717")&gt;</var>
<kw name="Log" library="BuiltIn">
<arg>${element.text}</arg>
<doc>Logs the given message with the given level.</doc>
<msg timestamp="20221201 15:53:52.706" level="INFO">Nokia Edge</msg>
<status status="PASS" starttime="20221201 15:53:52.694" endtime="20221201 15:53:52.706"/>
</kw>
<kw name="Append To List" library="Collections">
<arg>${actualList}</arg>
<arg>${element.text}</arg>
<doc>Adds ``values`` to the end of ``list``.</doc>
<status status="PASS" starttime="20221201 15:53:52.706" endtime="20221201 15:53:52.715"/>
</kw>
<status status="PASS" starttime="20221201 15:53:52.694" endtime="20221201 15:53:52.715"/>
</iter>
<iter>
<var name="${element}">&lt;selenium.webdriver.remote.webelement.WebElement (session="e28f225865c2b1dac358551af7301795", element="decfff1d-8962-4f5b-820c-ebdce1c09796")&gt;</var>
<kw name="Log" library="BuiltIn">
<arg>${element.text}</arg>
<doc>Logs the given message with the given level.</doc>
<msg timestamp="20221201 15:53:52.726" level="INFO">Blackberry</msg>
<status status="PASS" starttime="20221201 15:53:52.715" endtime="20221201 15:53:52.726"/>
</kw>
<kw name="Append To List" library="Collections">
<arg>${actualList}</arg>
<arg>${element.text}</arg>
<doc>Adds ``values`` to the end of ``list``.</doc>
<status status="PASS" starttime="20221201 15:53:52.726" endtime="20221201 15:53:52.734"/>
</kw>
<status status="PASS" starttime="20221201 15:53:52.715" endtime="20221201 15:53:52.734"/>
</iter>
<status status="PASS" starttime="20221201 15:53:52.654" endtime="20221201 15:53:52.734"/>
</for>
<kw name="Lists Should Be Equal" library="Collections">
<arg>${expectedList}</arg>
<arg>${actualList}</arg>
<doc>Fails if given lists are unequal.</doc>
<status status="PASS" starttime="20221201 15:53:52.735" endtime="20221201 15:53:52.735"/>
</kw>
<status status="PASS" starttime="20221201 15:53:52.643" endtime="20221201 15:53:52.735"/>
</kw>
<kw name="Select the Card">
<arg>Nokia Edge</arg>
<kw name="Get WebElements" library="SeleniumLibrary">
<var>${elements}</var>
<arg>css:.card-title</arg>
<doc>Returns a list of WebElement objects matching the ``locator``.</doc>
<msg timestamp="20221201 15:53:52.744" level="INFO">${elements} = [&lt;selenium.webdriver.remote.webelement.WebElement (session="e28f225865c2b1dac358551af7301795", element="8361b233-bc3d-48de-a272-cfe9c02c6a42")&gt;, &lt;selenium.webdriver.remote.webelement.WebElement (sessi...</msg>
<status status="PASS" starttime="20221201 15:53:52.736" endtime="20221201 15:53:52.744"/>
</kw>
<kw name="Set Variable" library="BuiltIn">
<var>${index}</var>
<arg>1</arg>
<doc>Returns the given values which can then be assigned to a variables.</doc>
<msg timestamp="20221201 15:53:52.745" level="INFO">${index} = 1</msg>
<status status="PASS" starttime="20221201 15:53:52.744" endtime="20221201 15:53:52.745"/>
</kw>
<for flavor="IN">
<var>${element}</var>
<value>@{elements}</value>
<iter>
<var name="${element}">&lt;selenium.webdriver.remote.webelement.WebElement (session="e28f225865c2b1dac358551af7301795", element="8361b233-bc3d-48de-a272-cfe9c02c6a42")&gt;</var>
<kw name="Exit For Loop If" library="BuiltIn">
<arg>'${cardName}'=='${element.text}'</arg>
<doc>Stops executing the enclosing FOR loop if the ``condition`` is true.</doc>
<status status="PASS" starttime="20221201 15:53:52.745" endtime="20221201 15:53:52.752"/>
</kw>
<kw name="Evaluate" library="BuiltIn">
<var>${index}</var>
<arg>${index} +1</arg>
<doc>Evaluates the given expression in Python and returns the result.</doc>
<msg timestamp="20221201 15:53:52.753" level="INFO">${index} = 2</msg>
<status status="PASS" starttime="20221201 15:53:52.752" endtime="20221201 15:53:52.753"/>
</kw>
<status status="PASS" starttime="20221201 15:53:52.745" endtime="20221201 15:53:52.753"/>
</iter>
<iter>
<var name="${element}">&lt;selenium.webdriver.remote.webelement.WebElement (session="e28f225865c2b1dac358551af7301795", element="e0313401-88bc-4d2e-a6be-52b97c601347")&gt;</var>
<kw name="Exit For Loop If" library="BuiltIn">
<arg>'${cardName}'=='${element.text}'</arg>
<doc>Stops executing the enclosing FOR loop if the ``condition`` is true.</doc>
<status status="PASS" starttime="20221201 15:53:52.753" endtime="20221201 15:53:52.761"/>
</kw>
<kw name="Evaluate" library="BuiltIn">
<var>${index}</var>
<arg>${index} +1</arg>
<doc>Evaluates the given expression in Python and returns the result.</doc>
<msg timestamp="20221201 15:53:52.762" level="INFO">${index} = 3</msg>
<status status="PASS" starttime="20221201 15:53:52.761" endtime="20221201 15:53:52.762"/>
</kw>
<status status="PASS" starttime="20221201 15:53:52.753" endtime="20221201 15:53:52.762"/>
</iter>
<iter>
<var name="${element}">&lt;selenium.webdriver.remote.webelement.WebElement (session="e28f225865c2b1dac358551af7301795", element="ec164099-5727-4b02-b7a9-b155adcd4717")&gt;</var>
<kw name="Exit For Loop If" library="BuiltIn">
<arg>'${cardName}'=='${element.text}'</arg>
<doc>Stops executing the enclosing FOR loop if the ``condition`` is true.</doc>
<msg timestamp="20221201 15:53:52.770" level="INFO">Exiting for loop altogether.</msg>
<status status="PASS" starttime="20221201 15:53:52.762" endtime="20221201 15:53:52.770"/>
</kw>
<kw name="Evaluate" library="BuiltIn">
<var>${index}</var>
<arg>${index} +1</arg>
<doc>Evaluates the given expression in Python and returns the result.</doc>
<status status="NOT RUN" starttime="20221201 15:53:52.771" endtime="20221201 15:53:52.771"/>
</kw>
<status status="PASS" starttime="20221201 15:53:52.762" endtime="20221201 15:53:52.771"/>
</iter>
<status status="PASS" starttime="20221201 15:53:52.745" endtime="20221201 15:53:52.771"/>
</for>
<kw name="Click Button" library="SeleniumLibrary">
<arg>xpath:(//*[@class='card-footer'])[${index}]/button</arg>
<doc>Clicks the button identified by ``locator``.</doc>
<msg timestamp="20221201 15:53:52.771" level="INFO">Clicking button 'xpath:(//*[@class='card-footer'])[3]/button'.</msg>
<status status="PASS" starttime="20221201 15:53:52.771" endtime="20221201 15:53:52.833"/>
</kw>
<status status="PASS" starttime="20221201 15:53:52.736" endtime="20221201 15:53:52.833"/>
</kw>
<kw name="Close browser session" library="resource" type="TEARDOWN">
<kw name="Close Browser" library="SeleniumLibrary">
<doc>Closes the current browser.</doc>
<status status="PASS" starttime="20221201 15:53:52.834" endtime="20221201 15:53:54.985"/>
</kw>
<status status="PASS" starttime="20221201 15:53:52.834" endtime="20221201 15:53:54.985"/>
</kw>
<status status="PASS" starttime="20221201 15:53:47.347" endtime="20221201 15:53:54.985"/>
</test>
<doc>To validate the login form</doc>
<status status="PASS" starttime="20221201 15:53:40.902" endtime="20221201 15:53:54.986"/>
</suite>
<statistics>
<total>
<stat pass="2" fail="0" skip="0">All Tests</stat>
</total>
<tag>
</tag>
<suite>
<stat pass="2" fail="0" skip="0" id="s1" name="Test2">Test2</stat>
</suite>
</statistics>
<errors>
</errors>
</robot>
